  ConsoleApplication2.cpp
c:\users\adrian\documents\github\apa\consoleapplication2\consoleapplication2.cpp(16): error C3861: 'eliminacion_vertical': no se encontró el identificador
c:\users\adrian\documents\github\apa\consoleapplication2\consoleapplication2.cpp(22): error C3861: 'eliminacion_vertical': no se encontró el identificador
c:\users\adrian\documents\github\apa\consoleapplication2\consoleapplication2.cpp(31): error C3861: 'eliminacion_vertical': no se encontró el identificador
c:\users\adrian\documents\github\apa\consoleapplication2\consoleapplication2.cpp(41): error C3861: 'eliminacion_horizontal': no se encontró el identificador
c:\users\adrian\documents\github\apa\consoleapplication2\consoleapplication2.cpp(48): error C3861: 'eliminacion_horizontal': no se encontró el identificador
c:\users\adrian\documents\github\apa\consoleapplication2\consoleapplication2.cpp(56): error C3861: 'eliminacion_horizontal': no se encontró el identificador
c:\users\adrian\documents\github\apa\consoleapplication2\consoleapplication2.cpp(226): warning C4473: "scanf_s": no se pasaron suficientes argumentos para la cadena de formato
  c:\users\adrian\documents\github\apa\consoleapplication2\consoleapplication2.cpp(226): note: los marcadores de posición y sus parámetros esperan 2 argumentos variádicos, pero se proporcionaron 1
  c:\users\adrian\documents\github\apa\consoleapplication2\consoleapplication2.cpp(226): note: el argumento variádico 2 que falta es requerido por la cadena de formato '%c'
  c:\users\adrian\documents\github\apa\consoleapplication2\consoleapplication2.cpp(226): note: este argumento se utiliza como un tamaño de búfer
c:\users\adrian\documents\github\apa\consoleapplication2\consoleapplication2.cpp(370): warning C4473: "scanf_s": no se pasaron suficientes argumentos para la cadena de formato
  c:\users\adrian\documents\github\apa\consoleapplication2\consoleapplication2.cpp(370): note: los marcadores de posición y sus parámetros esperan 2 argumentos variádicos, pero se proporcionaron 1
  c:\users\adrian\documents\github\apa\consoleapplication2\consoleapplication2.cpp(370): note: el argumento variádico 2 que falta es requerido por la cadena de formato '%c'
  c:\users\adrian\documents\github\apa\consoleapplication2\consoleapplication2.cpp(370): note: este argumento se utiliza como un tamaño de búfer
c:\users\adrian\documents\github\apa\consoleapplication2\consoleapplication2.cpp(438): warning C4473: "scanf_s": no se pasaron suficientes argumentos para la cadena de formato
  c:\users\adrian\documents\github\apa\consoleapplication2\consoleapplication2.cpp(438): note: los marcadores de posición y sus parámetros esperan 2 argumentos variádicos, pero se proporcionaron 1
  c:\users\adrian\documents\github\apa\consoleapplication2\consoleapplication2.cpp(438): note: el argumento variádico 2 que falta es requerido por la cadena de formato '%c'
  c:\users\adrian\documents\github\apa\consoleapplication2\consoleapplication2.cpp(438): note: este argumento se utiliza como un tamaño de búfer
c:\users\adrian\documents\github\apa\consoleapplication2\consoleapplication2.cpp(479): warning C4473: "scanf_s": no se pasaron suficientes argumentos para la cadena de formato
  c:\users\adrian\documents\github\apa\consoleapplication2\consoleapplication2.cpp(479): note: los marcadores de posición y sus parámetros esperan 2 argumentos variádicos, pero se proporcionaron 1
  c:\users\adrian\documents\github\apa\consoleapplication2\consoleapplication2.cpp(479): note: el argumento variádico 2 que falta es requerido por la cadena de formato '%c'
  c:\users\adrian\documents\github\apa\consoleapplication2\consoleapplication2.cpp(479): note: este argumento se utiliza como un tamaño de búfer
