  Compiling CUDA source file kernel.cu...
  
  C:\Users\Ignacio\Documents\GitHub\APA\CPUquenomecompila>"C:\Program Files\NVIDIA GPU Computing Toolkit\CUDA\v8.0\bin\nvcc.exe" -gencode=arch=compute_20,code=\"sm_20,compute_20\" --use-local-env --cl-version 2015 -ccbin "C:\Program Files (x86)\Microsoft Visual Studio 14.0\VC\bin"  -I"C:\Program Files\NVIDIA GPU Computing Toolkit\CUDA\v8.0\include" -I"C:\Program Files\NVIDIA GPU Computing Toolkit\CUDA\v8.0\include"  -G   --keep-dir Debug -maxrregcount=0  --machine 32 --compile -cudart static  -g   -DWIN32 -D_DEBUG -D_CONSOLE -D_MBCS -Xcompiler "/EHsc /W3 /nologo /Od /FS /Zi /RTC1 /MDd " -o Debug\kernel.cu.obj "C:\Users\Ignacio\Documents\GitHub\APA\CPUquenomecompila\kernel.cu" 
C:/Users/Ignacio/Documents/GitHub/APA/CPUquenomecompila/kernel.cu(21): error : identifier "eliminacion_vertical" is undefined
C:/Users/Ignacio/Documents/GitHub/APA/CPUquenomecompila/kernel.cu(27): error : identifier "eliminacion_vertical" is undefined
C:/Users/Ignacio/Documents/GitHub/APA/CPUquenomecompila/kernel.cu(36): error : identifier "eliminacion_vertical" is undefined
C:/Users/Ignacio/Documents/GitHub/APA/CPUquenomecompila/kernel.cu(46): error : identifier "eliminacion_horizontal" is undefined
C:/Users/Ignacio/Documents/GitHub/APA/CPUquenomecompila/kernel.cu(53): error : identifier "eliminacion_horizontal" is undefined
C:/Users/Ignacio/Documents/GitHub/APA/CPUquenomecompila/kernel.cu(61): error : identifier "eliminacion_horizontal" is undefined
C:/Users/Ignacio/Documents/GitHub/APA/CPUquenomecompila/kernel.cu(338): warning : unrecognized character escape sequence
C:/Users/Ignacio/Documents/GitHub/APA/CPUquenomecompila/kernel.cu(305): warning : variable "arraySize" was declared but never referenced
C:/Users/Ignacio/Documents/GitHub/APA/CPUquenomecompila/kernel.cu(311): warning : variable "k" was declared but never referenced
C:/Users/Ignacio/Documents/GitHub/APA/CPUquenomecompila/kernel.cu(312): warning : variable "b" was declared but never referenced
C:/Users/Ignacio/Documents/GitHub/APA/CPUquenomecompila/kernel.cu(312): warning : variable "c" was declared but never referenced
C:/Users/Ignacio/Documents/GitHub/APA/CPUquenomecompila/kernel.cu(313): warning : variable "f2" was declared but never referenced
C:/Users/Ignacio/Documents/GitHub/APA/CPUquenomecompila/kernel.cu(313): warning : variable "c2" was declared but never referenced
C:/Users/Ignacio/Documents/GitHub/APA/CPUquenomecompila/kernel.cu(313): warning : variable "f3" was declared but never referenced
C:/Users/Ignacio/Documents/GitHub/APA/CPUquenomecompila/kernel.cu(313): warning : variable "c3" was declared but never referenced
C:/Users/Ignacio/Documents/GitHub/APA/CPUquenomecompila/kernel.cu(314): warning : variable "pruductoEscalar" was declared but never referenced
CUDACOMPILE : nvcc warning : The 'compute_20', 'sm_20', and 'sm_21' architectures are deprecated, and may be removed in a future release (Use -Wno-deprecated-gpu-targets to suppress warning).
  kernel.cu
C:\Program Files (x86)\MSBuild\Microsoft.Cpp\v4.0\V140\BuildCustomizations\CUDA 8.0.targets(687,9): error MSB3721: El comando ""C:\Program Files\NVIDIA GPU Computing Toolkit\CUDA\v8.0\bin\nvcc.exe" -gencode=arch=compute_20,code=\"sm_20,compute_20\" --use-local-env --cl-version 2015 -ccbin "C:\Program Files (x86)\Microsoft Visual Studio 14.0\VC\bin"  -I"C:\Program Files\NVIDIA GPU Computing Toolkit\CUDA\v8.0\include" -I"C:\Program Files\NVIDIA GPU Computing Toolkit\CUDA\v8.0\include"  -G   --keep-dir Debug -maxrregcount=0  --machine 32 --compile -cudart static  -g   -DWIN32 -D_DEBUG -D_CONSOLE -D_MBCS -Xcompiler "/EHsc /W3 /nologo /Od /FS /Zi /RTC1 /MDd " -o Debug\kernel.cu.obj "C:\Users\Ignacio\Documents\GitHub\APA\CPUquenomecompila\kernel.cu"" salió con el código 2.
